<?xml version="1.0" encoding="UTF-8"?>
<!-- Generated by org.testng.reporters.JUnitReportReporter -->
<testsuite hostname="LAPTOP-84AOTKRB" failures="0" tests="1" name="qaautomation.july2022.WebTestPOM" time="10.196" errors="0" timestamp="27 Jul 2022 08:25:39 GMT" skipped="0">
  <testcase classname="qaautomation.july2022.WebTestPOM" name="testLogin" time="10.196"/>
</testsuite> <!-- qaautomation.july2022.WebTestPOM -->
