<?xml version="1.0" encoding="UTF-8"?>
<!-- Generated by org.testng.reporters.JUnitReportReporter -->
<testsuite hostname="LAPTOP-84AOTKRB" failures="0" tests="1" name="qautomation.july2022.CommonTest" time="11.513" errors="0" timestamp="23 Jul 2022 01:21:04 GMT" skipped="0">
  <testcase classname="qautomation.july2022.CommonTest" name="testSwitching" time="11.513"/>
</testsuite> <!-- qautomation.july2022.CommonTest -->
