<?xml version="1.0" encoding="UTF-8"?>
<!-- Generated by org.testng.reporters.JUnitReportReporter -->
<testsuite hostname="LAPTOP-84AOTKRB" failures="0" tests="1" name="qautomation.july2022.TugasKolakAPITest" time="4.240" errors="0" timestamp="26 Jul 2022 02:27:35 GMT" skipped="0">
  <testcase classname="qautomation.july2022.TugasKolakAPITest" name="userNegativeAPI" time="4.240"/>
</testsuite> <!-- qautomation.july2022.TugasKolakAPITest -->
