<?xml version="1.0" encoding="UTF-8"?>
<!-- Generated by org.testng.reporters.JUnitReportReporter -->
<testsuite hostname="LAPTOP-84AOTKRB" failures="0" tests="4" name="qautomation.july2022.WebTest2AfterRefactor" time="35.735" errors="0" timestamp="22 Jul 2022 01:40:28 GMT" skipped="0">
  <testcase classname="qautomation.july2022.WebTest2AfterRefactor" name="testLogin" time="9.730"/>
  <testcase classname="qautomation.july2022.WebTest2AfterRefactor" name="testLoginWrongUserName" time="8.666"/>
  <testcase classname="qautomation.july2022.WebTest2AfterRefactor" name="testLoginWrongPassword" time="8.769"/>
  <testcase classname="qautomation.july2022.WebTest2AfterRefactor" name="testLoginWrongUsernameAndPassword" time="8.570"/>
</testsuite> <!-- qautomation.july2022.WebTest2AfterRefactor -->
