<?xml version="1.0" encoding="UTF-8"?>
<!-- Generated by org.testng.reporters.JUnitReportReporter -->
<testsuite hostname="LAPTOP-84AOTKRB" failures="0" tests="1" name="qautomation.july2022.AppTest" time="0.013" errors="0" timestamp="16 Jul 2022 02:29:20 GMT" skipped="0">
  <testcase classname="qautomation.july2022.AppTest" name="shouldAnswerWithTrue" time="0.013"/>
</testsuite> <!-- qautomation.july2022.AppTest -->
