<?xml version="1.0" encoding="UTF-8"?>
<!-- Generated by org.testng.reporters.JUnitReportReporter -->
<testsuite hostname="LAPTOP-84AOTKRB" failures="0" tests="3" name="qaautomation.july2022.APITest" time="3.097" errors="0" timestamp="29 Jul 2022 14:12:42 GMT" skipped="0">
  <testcase classname="qaautomation.july2022.APITest" name="loginAPI" time="1.180"/>
  <testcase classname="qaautomation.july2022.APITest" name="userAPI" time="1.050"/>
  <testcase classname="qaautomation.july2022.APITest" name="configAPI" time="0.867"/>
</testsuite> <!-- qaautomation.july2022.APITest -->
