<?xml version="1.0" encoding="UTF-8"?>
<!-- Generated by org.testng.reporters.JUnitReportReporter -->
<testsuite hostname="LAPTOP-84AOTKRB" failures="0" tests="1" name="qautomation.july2022.APITestAfterRefactor" time="5.580" errors="0" timestamp="26 Jul 2022 03:45:16 GMT" skipped="0">
  <testcase classname="qautomation.july2022.APITestAfterRefactor" name="userAPI" time="5.580"/>
</testsuite> <!-- qautomation.july2022.APITestAfterRefactor -->
