<?xml version="1.0" encoding="UTF-8"?>
<!-- Generated by org.testng.reporters.JUnitReportReporter -->
<testsuite hostname="LAPTOP-84AOTKRB" failures="0" tests="1" name="qautomation.july2022.WebTestAfterRefactor" time="13.027" errors="0" timestamp="23 Jul 2022 01:30:26 GMT" skipped="0">
  <testcase classname="qautomation.july2022.WebTestAfterRefactor" name="testLogin" time="13.027"/>
</testsuite> <!-- qautomation.july2022.WebTestAfterRefactor -->
