<?xml version="1.0" encoding="UTF-8"?>
<!-- Generated by org.testng.reporters.JUnitReportReporter -->
<testsuite hostname="LAPTOP-84AOTKRB" failures="0" tests="3" name="qaautomation.july2022.APITestAfterRefactor" time="10.215" errors="0" timestamp="29 Jul 2022 14:12:42 GMT" skipped="0">
  <testcase classname="qaautomation.july2022.APITestAfterRefactor" name="userAPI" time="3.267"/>
  <testcase classname="qaautomation.july2022.APITestAfterRefactor" name="userNegativeAPI" time="4.651"/>
  <testcase classname="qaautomation.july2022.APITestAfterRefactor" name="configAPI" time="2.297"/>
</testsuite> <!-- qaautomation.july2022.APITestAfterRefactor -->
