<?xml version="1.0" encoding="UTF-8"?>
<!-- Generated by org.testng.reporters.JUnitReportReporter -->
<testsuite hostname="LAPTOP-84AOTKRB" failures="0" tests="1" name="qautomation.july2022.WebTestPageFactory" time="7.010" errors="0" timestamp="23 Jul 2022 02:12:04 GMT" skipped="0">
  <testcase classname="qautomation.july2022.WebTestPageFactory" name="testLogin" time="7.010"/>
</testsuite> <!-- qautomation.july2022.WebTestPageFactory -->
