<?xml version="1.0" encoding="UTF-8"?>
<!-- Generated by org.testng.reporters.JUnitReportReporter -->
<testsuite hostname="LAPTOP-84AOTKRB" failures="0" tests="1" name="qautomation.july2022.GraphQLTest" time="3.372" errors="0" timestamp="24 Jul 2022 03:34:10 GMT" skipped="0">
  <testcase classname="qautomation.july2022.GraphQLTest" name="checkCEO" time="3.372"/>
</testsuite> <!-- qautomation.july2022.GraphQLTest -->
