<?xml version="1.0" encoding="UTF-8"?>
<!-- Generated by org.testng.reporters.JUnitReportReporter -->
<testsuite hostname="LAPTOP-84AOTKRB" failures="0" tests="4" name="qaautomation.july2022.WebTest" time="26.227" errors="0" timestamp="27 Jul 2022 06:47:06 GMT" skipped="0">
  <testcase classname="qaautomation.july2022.WebTest" name="testLoginWrongUserName" time="6.010"/>
  <testcase classname="qaautomation.july2022.WebTest" name="testLogin" time="8.199"/>
  <testcase classname="qaautomation.july2022.WebTest" name="testLoginWrongUsernameAndPassword" time="5.962"/>
  <testcase classname="qaautomation.july2022.WebTest" name="testLoginWrongPassword" time="6.056"/>
</testsuite> <!-- qaautomation.july2022.WebTest -->
