<?xml version="1.0" encoding="UTF-8"?>
<!-- Generated by org.testng.reporters.JUnitReportReporter -->
<testsuite hostname="LAPTOP-84AOTKRB" failures="0" tests="4" name="qaautomation.july2022.WebTestAfterRefactor" time="33.304" errors="0" timestamp="27 Jul 2022 06:48:31 GMT" skipped="0">
  <testcase classname="qaautomation.july2022.WebTestAfterRefactor" name="testLogin" time="8.279"/>
  <testcase classname="qaautomation.july2022.WebTestAfterRefactor" name="testLoginWrongUserName" time="10.052"/>
  <testcase classname="qaautomation.july2022.WebTestAfterRefactor" name="testLoginWrongPassword" time="7.438"/>
  <testcase classname="qaautomation.july2022.WebTestAfterRefactor" name="testLoginWrongUsernameAndPassword" time="7.535"/>
</testsuite> <!-- qaautomation.july2022.WebTestAfterRefactor -->
