<?xml version="1.0" encoding="UTF-8"?>
<!-- Generated by org.testng.reporters.JUnitReportReporter -->
<testsuite hostname="LAPTOP-84AOTKRB" failures="0" tests="1" name="qaautomation.july2022.GraphQLTest" time="2.961" errors="0" timestamp="28 Jul 2022 10:48:11 GMT" skipped="0">
  <testcase classname="qaautomation.july2022.GraphQLTest" name="checkCEO" time="2.961"/>
</testsuite> <!-- qaautomation.july2022.GraphQLTest -->
