<?xml version="1.0" encoding="UTF-8"?>
<!-- Generated by org.testng.reporters.JUnitReportReporter -->
<testsuite hostname="LAPTOP-84AOTKRB" failures="0" tests="1" name="tugas3.Tugas3" time="2.862" errors="0" timestamp="26 Jul 2022 11:03:08 GMT" skipped="0">
  <testcase classname="tugas3.Tugas3" name="inputEmail" time="2.862"/>
</testsuite> <!-- tugas3.Tugas3 -->
