<?xml version="1.0" encoding="UTF-8"?>
<!-- Generated by org.testng.reporters.JUnitReportReporter -->
<testsuite hostname="LAPTOP-84AOTKRB" failures="0" tests="1" name="qautomation.july2022.WebTest" time="11.522" errors="0" timestamp="23 Jul 2022 01:33:38 GMT" skipped="0">
  <testcase classname="qautomation.july2022.WebTest" name="testLogin" time="11.522"/>
</testsuite> <!-- qautomation.july2022.WebTest -->
