<?xml version="1.0" encoding="UTF-8"?>
<!-- Generated by org.testng.reporters.JUnitReportReporter -->
<testsuite hostname="LAPTOP-84AOTKRB" failures="0" tests="3" name="qautomation.july2022.APITest" time="6.143" errors="0" timestamp="26 Jul 2022 03:41:58 GMT" skipped="0">
  <testcase classname="qautomation.july2022.APITest" name="loginAPI" time="1.970"/>
  <testcase classname="qautomation.july2022.APITest" name="userAPI" time="1.036"/>
  <testcase classname="qautomation.july2022.APITest" name="configAPI" time="3.137"/>
</testsuite> <!-- qautomation.july2022.APITest -->
